<?xml version="1.0" encoding="UTF-8"?>
<!-- Generated by org.testng.reporters.JUnitReportReporter -->
<testsuite hostname="DESKTOP-4USD9T1" failures="0" tests="4" name="api.test.UserTests2" time="5.003" errors="0" timestamp="2023-04-04T17:06:32 MSK" skipped="0">
  <testcase classname="api.test.UserTests2" name="testPostUser" time="2.174"/>
  <system-out/>
  <testcase classname="api.test.UserTests2" name="testGetUserByName" time="0.787"/>
  <system-out/>
  <testcase classname="api.test.UserTests2" name="testUpdateUser" time="1.383"/>
  <system-out/>
  <testcase classname="api.test.UserTests2" name="testDeleteUserByName" time="0.659"/>
  <system-out/>
</testsuite> <!-- api.test.UserTests2 -->
