<?xml version="1.0" encoding="UTF-8"?>
<!-- Generated by org.testng.reporters.JUnitReportReporter -->
<testsuite hostname="DESKTOP-4USD9T1" failures="0" tests="6" name="api.test.DDTests" time="4.232" errors="0" timestamp="2023-04-04T17:06:32 MSK" skipped="0">
  <testcase classname="api.test.DDTests" name="testPostuser" time="0.723"/>
  <system-out/>
  <testcase classname="api.test.DDTests" name="testPostuser" time="0.714"/>
  <system-out/>
  <testcase classname="api.test.DDTests" name="testPostuser" time="0.683"/>
  <system-out/>
  <testcase classname="api.test.DDTests" name="testDeleteUserByName" time="0.657"/>
  <system-out/>
  <testcase classname="api.test.DDTests" name="testDeleteUserByName" time="0.732"/>
  <system-out/>
  <testcase classname="api.test.DDTests" name="testDeleteUserByName" time="0.723"/>
  <system-out/>
</testsuite> <!-- api.test.DDTests -->
